18:53:30 | INFO | KD | teacher=efficientnet_b0 student=mobilenet_v3 fold=1 temps=[2.0, 4.0, 6.0] alpha=0.5 | device=cuda
18:53:34 | INFO | Teacher loaded & frozen: checkpoints/centralized/efficientnet_b0_fold1.pth
18:53:35 | INFO | Training BASELINE student (no teacher)...
18:53:40 | INFO |   [baseline] ep 001/25 loss=0.3064 val_f1=0.6957
18:53:45 | INFO |   [baseline] ep 002/25 loss=0.0931 val_f1=0.8299
18:53:49 | INFO |   [baseline] ep 003/25 loss=0.0696 val_f1=0.9825
18:53:54 | INFO |   [baseline] ep 004/25 loss=0.0481 val_f1=0.9829
18:53:59 | INFO |   [baseline] ep 005/25 loss=0.0374 val_f1=0.9609
18:54:04 | INFO |   [baseline] ep 006/25 loss=0.0247 val_f1=0.9942
18:54:08 | INFO |   [baseline] ep 007/25 loss=0.0419 val_f1=0.9942
18:54:13 | INFO |   [baseline] ep 008/25 loss=0.0194 val_f1=0.9829
18:54:18 | INFO |   [baseline] ep 009/25 loss=0.0166 val_f1=0.9829
18:54:23 | INFO |   [baseline] ep 010/25 loss=0.0186 val_f1=0.9885
18:54:27 | INFO |   [baseline] ep 011/25 loss=0.0181 val_f1=0.9885
18:54:32 | INFO |   [baseline] ep 012/25 loss=0.0200 val_f1=0.9942
18:54:37 | INFO |   [baseline] ep 013/25 loss=0.0129 val_f1=0.9942
18:54:42 | INFO |   [baseline] ep 014/25 loss=0.0157 val_f1=0.9942
18:54:46 | INFO |   [baseline] ep 015/25 loss=0.0155 val_f1=0.9942
18:54:51 | INFO |   [baseline] ep 016/25 loss=0.0258 val_f1=0.9942
18:54:51 | INFO |   [baseline] early stop @ 16
18:54:52 | INFO | Training KD student (T=2.0, alpha=0.5)...
18:54:58 | INFO |   [distilled_T2.0] ep 001/25 loss=0.6727 val_f1=0.5358
18:55:03 | INFO |   [distilled_T2.0] ep 002/25 loss=0.1761 val_f1=0.7818
18:55:08 | INFO |   [distilled_T2.0] ep 003/25 loss=0.1519 val_f1=0.9773
18:55:13 | INFO |   [distilled_T2.0] ep 004/25 loss=0.0803 val_f1=0.9399
18:55:18 | INFO |   [distilled_T2.0] ep 005/25 loss=0.0903 val_f1=0.9503
18:55:23 | INFO |   [distilled_T2.0] ep 006/25 loss=0.0569 val_f1=0.9663
18:55:28 | INFO |   [distilled_T2.0] ep 007/25 loss=0.0653 val_f1=0.9609
18:55:33 | INFO |   [distilled_T2.0] ep 008/25 loss=0.0671 val_f1=0.9663
18:55:38 | INFO |   [distilled_T2.0] ep 009/25 loss=0.0584 val_f1=0.9773
18:55:43 | INFO |   [distilled_T2.0] ep 010/25 loss=0.0496 val_f1=0.9556
18:55:48 | INFO |   [distilled_T2.0] ep 011/25 loss=0.0852 val_f1=0.9718
18:55:53 | INFO |   [distilled_T2.0] ep 012/25 loss=0.0542 val_f1=0.9829
18:55:58 | INFO |   [distilled_T2.0] ep 013/25 loss=0.0536 val_f1=0.9773
18:56:03 | INFO |   [distilled_T2.0] ep 014/25 loss=0.0510 val_f1=0.9773
18:56:08 | INFO |   [distilled_T2.0] ep 015/25 loss=0.0438 val_f1=0.9829
18:56:13 | INFO |   [distilled_T2.0] ep 016/25 loss=0.0561 val_f1=0.9663
18:56:18 | INFO |   [distilled_T2.0] ep 017/25 loss=0.0472 val_f1=0.9773
18:56:23 | INFO |   [distilled_T2.0] ep 018/25 loss=0.0473 val_f1=0.9773
18:56:28 | INFO |   [distilled_T2.0] ep 019/25 loss=0.0395 val_f1=0.9829
18:56:33 | INFO |   [distilled_T2.0] ep 020/25 loss=0.0437 val_f1=0.9773
18:56:38 | INFO |   [distilled_T2.0] ep 021/25 loss=0.0390 val_f1=0.9829
18:56:43 | INFO |   [distilled_T2.0] ep 022/25 loss=0.0448 val_f1=0.9829
18:56:43 | INFO |   [distilled_T2.0] early stop @ 22
18:56:44 | INFO | Training KD student (T=4.0, alpha=0.5)...
18:56:49 | INFO |   [distilled_T4.0] ep 001/25 loss=1.2065 val_f1=0.5584
18:56:55 | INFO |   [distilled_T4.0] ep 002/25 loss=0.3371 val_f1=0.9162
18:57:00 | INFO |   [distilled_T4.0] ep 003/25 loss=0.2683 val_f1=0.9392
18:57:05 | INFO |   [distilled_T4.0] ep 004/25 loss=0.2297 val_f1=0.9503
18:57:09 | INFO |   [distilled_T4.0] ep 005/25 loss=0.1796 val_f1=0.9718
18:57:15 | INFO |   [distilled_T4.0] ep 006/25 loss=0.1491 val_f1=0.9609
18:57:20 | INFO |   [distilled_T4.0] ep 007/25 loss=0.1479 val_f1=0.9503
18:57:25 | INFO |   [distilled_T4.0] ep 008/25 loss=0.1428 val_f1=0.9773
18:57:30 | INFO |   [distilled_T4.0] ep 009/25 loss=0.1149 val_f1=0.9773
18:57:35 | INFO |   [distilled_T4.0] ep 010/25 loss=0.1147 val_f1=0.9718
18:57:40 | INFO |   [distilled_T4.0] ep 011/25 loss=0.1143 val_f1=0.9718
18:57:45 | INFO |   [distilled_T4.0] ep 012/25 loss=0.1025 val_f1=0.9829
18:57:50 | INFO |   [distilled_T4.0] ep 013/25 loss=0.0974 val_f1=0.9885
18:57:55 | INFO |   [distilled_T4.0] ep 014/25 loss=0.1324 val_f1=0.9829
18:58:00 | INFO |   [distilled_T4.0] ep 015/25 loss=0.1150 val_f1=0.9885
18:58:05 | INFO |   [distilled_T4.0] ep 016/25 loss=0.1086 val_f1=0.9829
18:58:10 | INFO |   [distilled_T4.0] ep 017/25 loss=0.1057 val_f1=0.9942
18:58:15 | INFO |   [distilled_T4.0] ep 018/25 loss=0.0984 val_f1=0.9942
18:58:20 | INFO |   [distilled_T4.0] ep 019/25 loss=0.0907 val_f1=0.9885
18:58:25 | INFO |   [distilled_T4.0] ep 020/25 loss=0.1076 val_f1=0.9885
18:58:30 | INFO |   [distilled_T4.0] ep 021/25 loss=0.0830 val_f1=0.9885
18:58:35 | INFO |   [distilled_T4.0] ep 022/25 loss=0.0779 val_f1=0.9885
18:58:39 | INFO |   [distilled_T4.0] ep 023/25 loss=0.0974 val_f1=0.9885
18:58:44 | INFO |   [distilled_T4.0] ep 024/25 loss=0.0866 val_f1=0.9885
18:58:49 | INFO |   [distilled_T4.0] ep 025/25 loss=0.0953 val_f1=0.9885
18:58:50 | INFO | Training KD student (T=6.0, alpha=0.5)...
18:58:55 | INFO |   [distilled_T6.0] ep 001/25 loss=1.5472 val_f1=0.5244
18:59:00 | INFO |   [distilled_T6.0] ep 002/25 loss=0.4258 val_f1=0.7328
18:59:06 | INFO |   [distilled_T6.0] ep 003/25 loss=0.3595 val_f1=0.8854
18:59:10 | INFO |   [distilled_T6.0] ep 004/25 loss=0.2670 val_f1=0.9297
18:59:15 | INFO |   [distilled_T6.0] ep 005/25 loss=0.2538 val_f1=0.9149
18:59:21 | INFO |   [distilled_T6.0] ep 006/25 loss=0.2242 val_f1=0.9399
18:59:26 | INFO |   [distilled_T6.0] ep 007/25 loss=0.1740 val_f1=0.9451
18:59:31 | INFO |   [distilled_T6.0] ep 008/25 loss=0.1608 val_f1=0.9885
18:59:36 | INFO |   [distilled_T6.0] ep 009/25 loss=0.1983 val_f1=0.9556
18:59:41 | INFO |   [distilled_T6.0] ep 010/25 loss=0.1664 val_f1=0.9718
18:59:46 | INFO |   [distilled_T6.0] ep 011/25 loss=0.1524 val_f1=0.9885
18:59:51 | INFO |   [distilled_T6.0] ep 012/25 loss=0.1685 val_f1=0.9942
18:59:56 | INFO |   [distilled_T6.0] ep 013/25 loss=0.1639 val_f1=0.9942
19:00:01 | INFO |   [distilled_T6.0] ep 014/25 loss=0.1232 val_f1=0.9885
19:00:06 | INFO |   [distilled_T6.0] ep 015/25 loss=0.1636 val_f1=0.9829
19:00:11 | INFO |   [distilled_T6.0] ep 016/25 loss=0.1391 val_f1=0.9829
19:00:16 | INFO |   [distilled_T6.0] ep 017/25 loss=0.1418 val_f1=0.9885
19:00:21 | INFO |   [distilled_T6.0] ep 018/25 loss=0.1197 val_f1=0.9829
19:00:26 | INFO |   [distilled_T6.0] ep 019/25 loss=0.1424 val_f1=0.9942
19:00:31 | INFO |   [distilled_T6.0] ep 020/25 loss=0.1368 val_f1=0.9885
19:00:36 | INFO |   [distilled_T6.0] ep 021/25 loss=0.1242 val_f1=0.9885
19:00:41 | INFO |   [distilled_T6.0] ep 022/25 loss=0.1404 val_f1=0.9885
19:00:41 | INFO |   [distilled_T6.0] early stop @ 22
19:00:42 | INFO | Saved results/kd_results.csv
19:00:43 | INFO | Deploy teacher_efficientnet_b0: params=4.01M size=15.5MB latency=8.07ms f1=0.9796
19:00:43 | INFO | Deploy student_mobilenet_v3: params=1.52M size=5.8MB latency=5.27ms f1=0.9846
